[31.12.17 21:16:22] [CREATE:Init, item 268437670: Adena(200000) owner: 0, last process: , player XeZiA, null]
[31.12.17 21:16:22] [CHANGE:Init, item 268437670: Adena(200000) owner: 268437669, last process: Init, creator 268437669, player XeZiA, null]
[31.12.17 21:16:22] [CREATE:Init, item 268437671: Tutorial Guide(1) owner: 0, last process: , player XeZiA, null]
[31.12.17 21:16:22] [CHANGE:Init, item 268437671: Tutorial Guide(1) owner: 268437669, last process: Init, creator 268437669, player XeZiA, null]
[31.12.17 21:16:22] [CREATE:Init, item 268437672: Voodoo Doll(1) owner: 0, last process: , player XeZiA, null]
[31.12.17 21:16:22] [CHANGE:Init, item 268437672: Voodoo Doll(1) owner: 268437669, last process: Init, creator 268437669, player XeZiA, null]
[31.12.17 21:16:22] [CREATE:Init, item 268437673: Leather Helmet(1) owner: 0, last process: , player XeZiA, null]
[31.12.17 21:16:22] [CHANGE:Init, item 268437673: Leather Helmet(1) owner: 268437669, last process: Init, creator 268437669, player XeZiA, null]
[31.12.17 21:16:22] [CREATE:Init, item 268437674: Tunic of Devotion(1) owner: 0, last process: , player XeZiA, null]
[31.12.17 21:16:22] [CHANGE:Init, item 268437674: Tunic of Devotion(1) owner: 268437669, last process: Init, creator 268437669, player XeZiA, null]
[31.12.17 21:16:22] [CREATE:Init, item 268437675: Stockings of Devotion(1) owner: 0, last process: , player XeZiA, null]
[31.12.17 21:16:22] [CHANGE:Init, item 268437675: Stockings of Devotion(1) owner: 268437669, last process: Init, creator 268437669, player XeZiA, null]
[31.12.17 21:16:22] [CREATE:Init, item 268437676: Blessed Spiritshot: No Grade(1) owner: 0, last process: , player XeZiA, null]
[31.12.17 21:16:22] [CHANGE:Init, item 268437676: Blessed Spiritshot: No Grade(1) owner: 268437669, last process: Init, creator 268437669, player XeZiA, null]
[31.12.17 21:16:22] [CREATE:Init, item 268437677: Blue Diamond Necklace(1) owner: 0, last process: , player XeZiA, null]
[31.12.17 21:16:22] [CHANGE:Init, item 268437677: Blue Diamond Necklace(1) owner: 268437669, last process: Init, creator 268437669, player XeZiA, null]
[31.12.17 21:16:22] [CREATE:Init, item 268437678: Coral Earring(1) owner: 0, last process: , player XeZiA, null]
[31.12.17 21:16:22] [CHANGE:Init, item 268437678: Coral Earring(1) owner: 268437669, last process: Init, creator 268437669, player XeZiA, null]
[31.12.17 21:16:22] [CREATE:Init, item 268437679: Coral Earring(1) owner: 0, last process: , player XeZiA, null]
[31.12.17 21:16:22] [CHANGE:Init, item 268437679: Coral Earring(1) owner: 268437669, last process: Init, creator 268437669, player XeZiA, null]
[31.12.17 21:16:22] [CREATE:Init, item 268437680: Blue Coral Ring(1) owner: 0, last process: , player XeZiA, null]
[31.12.17 21:16:22] [CHANGE:Init, item 268437680: Blue Coral Ring(1) owner: 268437669, last process: Init, creator 268437669, player XeZiA, null]
[31.12.17 21:16:22] [CREATE:Init, item 268437681: Blue Coral Ring(1) owner: 0, last process: , player XeZiA, null]
[31.12.17 21:16:22] [CHANGE:Init, item 268437681: Blue Coral Ring(1) owner: 268437669, last process: Init, creator 268437669, player XeZiA, null]
[31.12.17 21:17:27] [CHANGE:GM Buffer, item 268437670: Adena(199000) owner: 268437669, last process: , player XeZiA, player XeZiA]
[31.12.17 21:17:27] [CHANGE:GM Buffer, item 268437670: Adena(198000) owner: 268437669, last process: , player XeZiA, player XeZiA]
[31.12.17 21:17:27] [CHANGE:GM Buffer, item 268437670: Adena(197000) owner: 268437669, last process: , player XeZiA, player XeZiA]
[31.12.17 21:18:39] [CHANGE:Loot, item 268437670: Adena(205817) owner: 268437669, last process: , player XeZiA, Hobgoblin]
[31.12.17 21:18:39] [CREATE:Loot, item 268501673: Silver Nugget(6) owner: 0, last process: , player XeZiA, Hobgoblin]
[31.12.17 21:18:39] [CHANGE:Loot, item 268501673: Silver Nugget(6) owner: 268437669, last process: Loot, creator 20147, player XeZiA, Hobgoblin]
[31.12.17 21:18:39] [CREATE:Loot, item 268501674: Hard Leather Gaiters Material(2) owner: 0, last process: , player XeZiA, Hobgoblin]
[31.12.17 21:18:39] [CHANGE:Loot, item 268501674: Hard Leather Gaiters Material(2) owner: 268437669, last process: Loot, creator 20147, player XeZiA, Hobgoblin]
[31.12.17 21:18:39] [CREATE:Loot, item 268501675: Herb of Atk. Spd.(1) owner: 0, last process: , player XeZiA, Hobgoblin]
[31.12.17 21:18:39] [CREATE:Loot, item 268501676: Herb of Casting Spd.(1) owner: 0, last process: , player XeZiA, Hobgoblin]
[31.12.17 21:19:13] [CHANGE:destroy, item 268484476: Soulshot: No Grade(0) owner: 0, last process: destroy, null, null]
[31.12.17 21:19:17] [CHANGE:Loot, item 268437670: Adena(277075) owner: 268437669, last process: , player XeZiA, Hobgoblin]
[31.12.17 21:19:17] [CREATE:Loot, item 268501678: Thread(135) owner: 0, last process: , player XeZiA, Hobgoblin]
[31.12.17 21:19:17] [CHANGE:Loot, item 268501678: Thread(135) owner: 268437669, last process: Loot, creator 20147, player XeZiA, Hobgoblin]
[31.12.17 21:19:17] [CREATE:Loot, item 268501679: Hard Leather Shirt Pattern(5) owner: 0, last process: , player XeZiA, Hobgoblin]
[31.12.17 21:19:17] [CHANGE:Loot, item 268501679: Hard Leather Shirt Pattern(5) owner: 268437669, last process: Loot, creator 20147, player XeZiA, Hobgoblin]
[31.12.17 21:19:17] [CREATE:Loot, item 268501680: Festival Adena(1) owner: 0, last process: , player XeZiA, Hobgoblin]
[31.12.17 21:19:17] [CHANGE:Loot, item 268501680: Festival Adena(1) owner: 268437669, last process: Loot, creator 20147, player XeZiA, Hobgoblin]
[31.12.17 21:19:17] [CREATE:Loot, item 268501681: Herb of Power(1) owner: 0, last process: , player XeZiA, Hobgoblin]
[31.12.17 21:19:40] [CHANGE:Loot, item 268437670: Adena(371361) owner: 268437669, last process: , player XeZiA, Ol Mahum Ranger]
[31.12.17 21:19:40] [CREATE:Loot, item 268501682: Animal Bone(98) owner: 0, last process: , player XeZiA, Ol Mahum Ranger]
[31.12.17 21:19:40] [CHANGE:Loot, item 268501682: Animal Bone(98) owner: 268437669, last process: Loot, creator 20224, player XeZiA, Ol Mahum Ranger]
[31.12.17 21:19:40] [CHANGE:Loot, item 268501679: Hard Leather Shirt Pattern(12) owner: 268437669, last process: Loot, creator 20147, player XeZiA, Ol Mahum Ranger]
[31.12.17 21:19:40] [CHANGE:Loot, item 268501680: Festival Adena(2) owner: 268437669, last process: Loot, creator 20147, player XeZiA, Ol Mahum Ranger]
[31.12.17 21:19:42] [CHANGE:Loot, item 268437670: Adena(380108) owner: 268437669, last process: , player XeZiA, Hobgoblin]
[31.12.17 21:19:42] [CHANGE:Loot, item 268501678: Thread(168) owner: 268437669, last process: Loot, creator 20147, player XeZiA, Hobgoblin]
[31.12.17 21:19:42] [CHANGE:Loot, item 268501674: Hard Leather Gaiters Material(4) owner: 268437669, last process: Loot, creator 20147, player XeZiA, Hobgoblin]
[31.12.17 21:19:50] [CHANGE:destroy, item 268484488: Soulshot: No Grade(0) owner: 0, last process: destroy, null, null]
[31.12.17 21:19:54] [CHANGE:Loot, item 268437670: Adena(440286) owner: 268437669, last process: , player XeZiA, Treasure Chest]
[31.12.17 21:19:54] [CREATE:Loot, item 268501686: Braided Hemp(22) owner: 0, last process: , player XeZiA, Treasure Chest]
[31.12.17 21:19:54] [CHANGE:Loot, item 268501686: Braided Hemp(22) owner: 268437669, last process: Loot, creator 18265, player XeZiA, Treasure Chest]
[31.12.17 21:19:54] [CREATE:Loot, item 268501687: Boot Lining(19) owner: 0, last process: , player XeZiA, Treasure Chest]
[31.12.17 21:19:54] [CHANGE:Loot, item 268501687: Boot Lining(19) owner: 268437669, last process: Loot, creator 18265, player XeZiA, Treasure Chest]
[31.12.17 21:19:54] [CHANGE:Loot, item 268501680: Festival Adena(3) owner: 268437669, last process: Loot, creator 20147, player XeZiA, Treasure Chest]
[31.12.17 21:19:58] [CREATE:Init, item 268501689: Adena(200000) owner: 0, last process: , player AAAD, null]
[31.12.17 21:19:58] [CHANGE:Init, item 268501689: Adena(200000) owner: 268501688, last process: Init, creator 268501688, player AAAD, null]
[31.12.17 21:19:58] [CREATE:Init, item 268501690: Tutorial Guide(1) owner: 0, last process: , player AAAD, null]
[31.12.17 21:19:58] [CHANGE:Init, item 268501690: Tutorial Guide(1) owner: 268501688, last process: Init, creator 268501688, player AAAD, null]
[31.12.17 21:19:58] [CREATE:Init, item 268501691: Voodoo Doll(1) owner: 0, last process: , player AAAD, null]
[31.12.17 21:19:58] [CHANGE:Init, item 268501691: Voodoo Doll(1) owner: 268501688, last process: Init, creator 268501688, player AAAD, null]
[31.12.17 21:19:58] [CREATE:Init, item 268501692: Leather Helmet(1) owner: 0, last process: , player AAAD, null]
[31.12.17 21:19:58] [CHANGE:Init, item 268501692: Leather Helmet(1) owner: 268501688, last process: Init, creator 268501688, player AAAD, null]
[31.12.17 21:19:58] [CREATE:Init, item 268501693: Tunic of Devotion(1) owner: 0, last process: , player AAAD, null]
[31.12.17 21:19:58] [CHANGE:Init, item 268501693: Tunic of Devotion(1) owner: 268501688, last process: Init, creator 268501688, player AAAD, null]
[31.12.17 21:19:58] [CREATE:Init, item 268501694: Stockings of Devotion(1) owner: 0, last process: , player AAAD, null]
[31.12.17 21:19:58] [CHANGE:Init, item 268501694: Stockings of Devotion(1) owner: 268501688, last process: Init, creator 268501688, player AAAD, null]
[31.12.17 21:19:58] [CREATE:Init, item 268501695: Blessed Spiritshot: No Grade(1) owner: 0, last process: , player AAAD, null]
[31.12.17 21:19:58] [CHANGE:Init, item 268501695: Blessed Spiritshot: No Grade(1) owner: 268501688, last process: Init, creator 268501688, player AAAD, null]
[31.12.17 21:19:58] [CREATE:Init, item 268501696: Blue Diamond Necklace(1) owner: 0, last process: , player AAAD, null]
[31.12.17 21:19:58] [CHANGE:Init, item 268501696: Blue Diamond Necklace(1) owner: 268501688, last process: Init, creator 268501688, player AAAD, null]
[31.12.17 21:19:58] [CREATE:Init, item 268501697: Coral Earring(1) owner: 0, last process: , player AAAD, null]
[31.12.17 21:19:58] [CHANGE:Init, item 268501697: Coral Earring(1) owner: 268501688, last process: Init, creator 268501688, player AAAD, null]
[31.12.17 21:19:58] [CREATE:Init, item 268501698: Coral Earring(1) owner: 0, last process: , player AAAD, null]
[31.12.17 21:19:58] [CHANGE:Init, item 268501698: Coral Earring(1) owner: 268501688, last process: Init, creator 268501688, player AAAD, null]
[31.12.17 21:19:58] [CREATE:Init, item 268501699: Blue Coral Ring(1) owner: 0, last process: , player AAAD, null]
[31.12.17 21:19:58] [CHANGE:Init, item 268501699: Blue Coral Ring(1) owner: 268501688, last process: Init, creator 268501688, player AAAD, null]
[31.12.17 21:19:58] [CREATE:Init, item 268501702: Blue Coral Ring(1) owner: 0, last process: , player AAAD, null]
[31.12.17 21:19:58] [CHANGE:Init, item 268501702: Blue Coral Ring(1) owner: 268501688, last process: Init, creator 268501688, player AAAD, null]
[31.12.17 21:20:13] [CHANGE:destroy, item 268484513: Soulshot: No Grade(0) owner: 0, last process: destroy, null, null]
[31.12.17 21:20:15] [CHANGE:destroy, item 268501677: Soulshot: No Grade(0) owner: 0, last process: destroy, null, null]
[31.12.17 21:21:42] [CHANGE:destroy, item 268501673: Silver Nugget(0) owner: 0, last process: destroy, creator 20147, null, null]
[31.12.17 21:21:42] [DELETE:Sell, item 268501673: Silver Nugget(0) owner: 0, last process: destroy, creator 20147, player XeZiA, null]
[31.12.17 21:21:42] [CHANGE:destroy, item 268501674: Hard Leather Gaiters Material(0) owner: 0, last process: destroy, creator 20147, null, null]
[31.12.17 21:21:42] [DELETE:Sell, item 268501674: Hard Leather Gaiters Material(0) owner: 0, last process: destroy, creator 20147, player XeZiA, null]
[31.12.17 21:21:42] [CHANGE:destroy, item 268501678: Thread(0) owner: 0, last process: destroy, creator 20147, null, null]
[31.12.17 21:21:42] [DELETE:Sell, item 268501678: Thread(0) owner: 0, last process: destroy, creator 20147, player XeZiA, null]
[31.12.17 21:21:42] [CHANGE:destroy, item 268501679: Hard Leather Shirt Pattern(0) owner: 0, last process: destroy, creator 20147, null, null]
[31.12.17 21:21:42] [DELETE:Sell, item 268501679: Hard Leather Shirt Pattern(0) owner: 0, last process: destroy, creator 20147, player XeZiA, null]
[31.12.17 21:21:42] [CHANGE:destroy, item 268501682: Animal Bone(0) owner: 0, last process: destroy, creator 20224, null, null]
[31.12.17 21:21:42] [DELETE:Sell, item 268501682: Animal Bone(0) owner: 0, last process: destroy, creator 20224, player XeZiA, null]
[31.12.17 21:21:42] [CHANGE:destroy, item 268501686: Braided Hemp(0) owner: 0, last process: destroy, creator 18265, null, null]
[31.12.17 21:21:42] [DELETE:Sell, item 268501686: Braided Hemp(0) owner: 0, last process: destroy, creator 18265, player XeZiA, null]
[31.12.17 21:21:42] [CHANGE:destroy, item 268501687: Boot Lining(0) owner: 0, last process: destroy, creator 18265, null, null]
[31.12.17 21:21:42] [DELETE:Sell, item 268501687: Boot Lining(0) owner: 0, last process: destroy, creator 18265, player XeZiA, null]
[31.12.17 21:21:42] [CHANGE:destroy, item 268437671: Tutorial Guide(0) owner: 0, last process: destroy, null, null]
[31.12.17 21:21:42] [DELETE:Sell, item 268437671: Tutorial Guide(0) owner: 0, last process: destroy, player XeZiA, null]
[31.12.17 21:21:42] [CHANGE:Sell, item 268437670: Adena(488582) owner: 268437669, last process: , player XeZiA, Missy]
[31.12.17 21:26:35] [CHANGE:GM Buffer, item 268501701: Adena(7404447) owner: 268501700, last process: , player Erza, player Erza]
[31.12.17 21:26:35] [CHANGE:GM Buffer, item 268501701: Adena(7403447) owner: 268501700, last process: , player Erza, player Erza]
[31.12.17 21:26:35] [CHANGE:GM Buffer, item 268501701: Adena(7402447) owner: 268501700, last process: , player Erza, player Erza]
[31.12.17 21:26:35] [CHANGE:GM Buffer, item 268501701: Adena(7401447) owner: 268501700, last process: , player Erza, player Erza]
[31.12.17 21:27:41] [CREATE:Loot, item 268501717: Blue Seal Stone(5529) owner: 0, last process: , player Erza, Lilim Magus]
[31.12.17 21:27:41] [CHANGE:Loot, item 268501717: Blue Seal Stone(5529) owner: 268501700, last process: Loot, creator 21176, player Erza, Lilim Magus]
[31.12.17 21:27:41] [CREATE:Loot, item 268501718: Green Seal Stone(9115) owner: 0, last process: , player Erza, Lilim Magus]
[31.12.17 21:27:41] [CHANGE:Loot, item 268501718: Green Seal Stone(9115) owner: 268501700, last process: Loot, creator 21176, player Erza, Lilim Magus]
[31.12.17 21:27:41] [CREATE:Loot, item 268501719: Red Seal Stone(462) owner: 0, last process: , player Erza, Lilim Magus]
[31.12.17 21:27:41] [CHANGE:Loot, item 268501719: Red Seal Stone(462) owner: 268501700, last process: Loot, creator 21176, player Erza, Lilim Magus]
[31.12.17 21:27:41] [CREATE:Loot, item 268501720: Stem(169) owner: 0, last process: , player Erza, Lilim Magus]
[31.12.17 21:27:41] [CHANGE:Loot, item 268501720: Stem(169) owner: 268501700, last process: Loot, creator 21176, player Erza, Lilim Magus]
[31.12.17 21:27:41] [CREATE:Loot, item 268501722: Heathen's Book Page(2) owner: 0, last process: , player Erza, Lilim Magus]
[31.12.17 21:27:41] [CHANGE:Loot, item 268501722: Heathen's Book Page(2) owner: 268501700, last process: Loot, creator 21176, player Erza, Lilim Magus]
